[2021-12-23 14:01:17,829] INFO Starting the log cleaner (kafka.log.LogCleaner)
[2021-12-23 14:01:17,880] INFO [kafka-log-cleaner-thread-0]: Starting (kafka.log.LogCleaner)
[2021-12-23 14:01:19,259] INFO Shutting down the log cleaner. (kafka.log.LogCleaner)
[2021-12-23 14:01:19,259] INFO [kafka-log-cleaner-thread-0]: Shutting down (kafka.log.LogCleaner)
[2021-12-23 14:01:19,259] INFO [kafka-log-cleaner-thread-0]: Stopped (kafka.log.LogCleaner)
[2021-12-23 14:01:19,259] INFO [kafka-log-cleaner-thread-0]: Shutdown completed (kafka.log.LogCleaner)
[2021-12-23 14:02:57,652] INFO Starting the log cleaner (kafka.log.LogCleaner)
[2021-12-23 14:02:57,696] INFO [kafka-log-cleaner-thread-0]: Starting (kafka.log.LogCleaner)
[2021-12-23 14:02:59,109] INFO Shutting down the log cleaner. (kafka.log.LogCleaner)
[2021-12-23 14:02:59,109] INFO [kafka-log-cleaner-thread-0]: Shutting down (kafka.log.LogCleaner)
[2021-12-23 14:02:59,110] INFO [kafka-log-cleaner-thread-0]: Stopped (kafka.log.LogCleaner)
[2021-12-23 14:02:59,110] INFO [kafka-log-cleaner-thread-0]: Shutdown completed (kafka.log.LogCleaner)
[2021-12-23 14:04:37,694] INFO Starting the log cleaner (kafka.log.LogCleaner)
[2021-12-23 14:04:37,778] INFO [kafka-log-cleaner-thread-0]: Starting (kafka.log.LogCleaner)
[2021-12-23 14:04:39,178] INFO Shutting down the log cleaner. (kafka.log.LogCleaner)
[2021-12-23 14:04:39,178] INFO [kafka-log-cleaner-thread-0]: Shutting down (kafka.log.LogCleaner)
[2021-12-23 14:04:39,178] INFO [kafka-log-cleaner-thread-0]: Stopped (kafka.log.LogCleaner)
[2021-12-23 14:04:39,178] INFO [kafka-log-cleaner-thread-0]: Shutdown completed (kafka.log.LogCleaner)
[2021-12-23 14:11:21,298] INFO Starting the log cleaner (kafka.log.LogCleaner)
[2021-12-23 14:11:21,351] INFO [kafka-log-cleaner-thread-0]: Starting (kafka.log.LogCleaner)
[2021-12-23 14:28:51,696] INFO Shutting down the log cleaner. (kafka.log.LogCleaner)
[2021-12-23 14:28:51,696] INFO [kafka-log-cleaner-thread-0]: Shutting down (kafka.log.LogCleaner)
[2021-12-23 14:28:51,697] INFO [kafka-log-cleaner-thread-0]: Stopped (kafka.log.LogCleaner)
[2021-12-23 14:28:51,697] INFO [kafka-log-cleaner-thread-0]: Shutdown completed (kafka.log.LogCleaner)
[2021-12-23 15:22:04,549] INFO Starting the log cleaner (kafka.log.LogCleaner)
[2021-12-23 15:22:04,624] INFO [kafka-log-cleaner-thread-0]: Starting (kafka.log.LogCleaner)
[2021-12-24 11:03:48,829] INFO Starting the log cleaner (kafka.log.LogCleaner)
[2021-12-24 11:03:48,879] INFO [kafka-log-cleaner-thread-0]: Starting (kafka.log.LogCleaner)
[2021-12-26 20:29:50,624] INFO Shutting down the log cleaner. (kafka.log.LogCleaner)
[2021-12-26 20:29:50,626] INFO [kafka-log-cleaner-thread-0]: Shutting down (kafka.log.LogCleaner)
[2021-12-26 20:29:50,626] INFO [kafka-log-cleaner-thread-0]: Stopped (kafka.log.LogCleaner)
[2021-12-26 20:29:50,626] INFO [kafka-log-cleaner-thread-0]: Shutdown completed (kafka.log.LogCleaner)
