[2021-12-26 11:16:25,172] INFO Expiring session 0x1000167d842001c, timeout of 18000ms exceeded (org.apache.zookeeper.server.ZooKeeperServer)
[2021-12-26 11:16:25,052] WARN Client session timed out, have not heard from server in 1073543ms for sessionid 0x1000167d842001c (org.apache.zookeeper.ClientCnxn)
[2021-12-26 11:16:25,218] INFO Client session timed out, have not heard from server in 1073543ms for sessionid 0x1000167d842001c, closing socket connection and attempting reconnect (org.apache.zookeeper.ClientCnxn)
[2021-12-26 12:01:00,396] INFO Opening socket connection to server localhost/0:0:0:0:0:0:0:1:2181. Will not attempt to authenticate using SASL (unknown error) (org.apache.zookeeper.ClientCnxn)
[2021-12-26 12:01:00,417] INFO Socket connection established, initiating session, client: /0:0:0:0:0:0:0:1:62025, server: localhost/0:0:0:0:0:0:0:1:2181 (org.apache.zookeeper.ClientCnxn)
[2021-12-26 12:01:00,429] INFO Invalid session 0x1000167d842001c for client /0:0:0:0:0:0:0:1:62025, probably expired (org.apache.zookeeper.server.ZooKeeperServer)
[2021-12-26 12:01:00,456] WARN Unable to reconnect to ZooKeeper service, session 0x1000167d842001c has expired (org.apache.zookeeper.ClientCnxn)
[2021-12-26 12:01:00,457] INFO [ZooKeeperClient Kafka server] Session expired. (kafka.zookeeper.ZooKeeperClient)
[2021-12-26 12:01:00,473] INFO [ZooKeeperClient Kafka server] Initializing a new session to localhost:2181. (kafka.zookeeper.ZooKeeperClient)
[2021-12-26 12:01:00,457] INFO EventThread shut down for session: 0x1000167d842001c (org.apache.zookeeper.ClientCnxn)
[2021-12-26 12:01:00,480] INFO Initiating client connection, connectString=localhost:2181 sessionTimeout=18000 watcher=kafka.zookeeper.ZooKeeperClient$ZooKeeperClientWatcher$@5e0e82ae (org.apache.zookeeper.ZooKeeper)
[2021-12-26 12:01:00,465] INFO Unable to reconnect to ZooKeeper service, session 0x1000167d842001c has expired, closing socket connection (org.apache.zookeeper.ClientCnxn)
[2021-12-26 12:01:00,488] INFO jute.maxbuffer value is 4194304 Bytes (org.apache.zookeeper.ClientCnxnSocket)
[2021-12-26 12:01:00,496] INFO zookeeper.request.timeout value is 0. feature enabled= (org.apache.zookeeper.ClientCnxn)
[2021-12-26 12:01:00,554] INFO Opening socket connection to server localhost/0:0:0:0:0:0:0:1:2181. Will not attempt to authenticate using SASL (unknown error) (org.apache.zookeeper.ClientCnxn)
[2021-12-26 12:01:00,554] INFO Creating /brokers/ids/0 (is it secure? false) (kafka.zk.KafkaZkClient)
[2021-12-26 12:01:00,560] INFO Socket connection established, initiating session, client: /0:0:0:0:0:0:0:1:62029, server: localhost/0:0:0:0:0:0:0:1:2181 (org.apache.zookeeper.ClientCnxn)
[2021-12-26 12:01:00,627] INFO Session establishment complete on server localhost/0:0:0:0:0:0:0:1:2181, sessionid = 0x1000167d842001d, negotiated timeout = 18000 (org.apache.zookeeper.ClientCnxn)
[2021-12-26 12:01:00,631] INFO Updated cache from existing FinalizedFeaturesAndEpoch(features=Features{}, epoch=0) to latest FinalizedFeaturesAndEpoch(features=Features{}, epoch=0). (kafka.server.FinalizedFeatureCache)
[2021-12-26 12:01:00,632] INFO Stat of the created znode at /brokers/ids/0 is: 632,632,1640545260631,1640545260631,1,0,0,72059139559391261,230,0,632
 (kafka.zk.KafkaZkClient)
[2021-12-26 12:01:00,633] INFO Registered broker 0 at path /brokers/ids/0 with addresses: PLAINTEXT://LPT-0487.usoe.k12.ut.us:9092, czxid (broker epoch): 632 (kafka.zk.KafkaZkClient)
[2021-12-26 12:01:46,109] WARN Client session timed out, have not heard from server in 38955ms for sessionid 0x1000167d842001d (org.apache.zookeeper.ClientCnxn)
[2021-12-26 12:01:46,130] INFO Client session timed out, have not heard from server in 38955ms for sessionid 0x1000167d842001d, closing socket connection and attempting reconnect (org.apache.zookeeper.ClientCnxn)
[2021-12-26 12:01:46,152] WARN Unable to read additional data from client sessionid 0x1000167d842001d, likely client has closed socket (org.apache.zookeeper.server.NIOServerCnxn)
[2021-12-26 12:16:26,703] INFO Expiring session 0x1000167d842001d, timeout of 18000ms exceeded (org.apache.zookeeper.server.ZooKeeperServer)
[2021-12-26 13:16:28,459] INFO Opening socket connection to server localhost/0:0:0:0:0:0:0:1:2181. Will not attempt to authenticate using SASL (unknown error) (org.apache.zookeeper.ClientCnxn)
[2021-12-26 13:16:28,508] INFO Socket connection established, initiating session, client: /0:0:0:0:0:0:0:1:54079, server: localhost/0:0:0:0:0:0:0:1:2181 (org.apache.zookeeper.ClientCnxn)
[2021-12-26 13:16:28,535] INFO Invalid session 0x1000167d842001d for client /0:0:0:0:0:0:0:1:54079, probably expired (org.apache.zookeeper.server.ZooKeeperServer)
[2021-12-26 13:16:28,597] WARN Unable to reconnect to ZooKeeper service, session 0x1000167d842001d has expired (org.apache.zookeeper.ClientCnxn)
[2021-12-26 13:16:28,617] INFO Unable to reconnect to ZooKeeper service, session 0x1000167d842001d has expired, closing socket connection (org.apache.zookeeper.ClientCnxn)
[2021-12-26 13:16:28,597] INFO [ZooKeeperClient Kafka server] Session expired. (kafka.zookeeper.ZooKeeperClient)
[2021-12-26 13:16:28,597] INFO EventThread shut down for session: 0x1000167d842001d (org.apache.zookeeper.ClientCnxn)
[2021-12-26 13:16:28,634] INFO [ZooKeeperClient Kafka server] Initializing a new session to localhost:2181. (kafka.zookeeper.ZooKeeperClient)
[2021-12-26 13:16:28,635] INFO Initiating client connection, connectString=localhost:2181 sessionTimeout=18000 watcher=kafka.zookeeper.ZooKeeperClient$ZooKeeperClientWatcher$@5e0e82ae (org.apache.zookeeper.ZooKeeper)
[2021-12-26 13:16:28,646] INFO jute.maxbuffer value is 4194304 Bytes (org.apache.zookeeper.ClientCnxnSocket)
[2021-12-26 13:16:28,698] INFO zookeeper.request.timeout value is 0. feature enabled= (org.apache.zookeeper.ClientCnxn)
[2021-12-26 13:16:28,716] INFO Creating /brokers/ids/0 (is it secure? false) (kafka.zk.KafkaZkClient)
[2021-12-26 13:16:28,717] INFO Opening socket connection to server localhost/0:0:0:0:0:0:0:1:2181. Will not attempt to authenticate using SASL (unknown error) (org.apache.zookeeper.ClientCnxn)
[2021-12-26 13:16:28,718] INFO Socket connection established, initiating session, client: /0:0:0:0:0:0:0:1:51447, server: localhost/0:0:0:0:0:0:0:1:2181 (org.apache.zookeeper.ClientCnxn)
[2021-12-26 13:16:28,723] INFO Session establishment complete on server localhost/0:0:0:0:0:0:0:1:2181, sessionid = 0x1000167d842001e, negotiated timeout = 18000 (org.apache.zookeeper.ClientCnxn)
[2021-12-26 13:16:28,725] INFO Updated cache from existing FinalizedFeaturesAndEpoch(features=Features{}, epoch=0) to latest FinalizedFeaturesAndEpoch(features=Features{}, epoch=0). (kafka.server.FinalizedFeatureCache)
[2021-12-26 13:16:28,728] INFO Stat of the created znode at /brokers/ids/0 is: 637,637,1640549788724,1640549788724,1,0,0,72059139559391262,230,0,637
 (kafka.zk.KafkaZkClient)
[2021-12-26 13:16:28,728] INFO Registered broker 0 at path /brokers/ids/0 with addresses: PLAINTEXT://LPT-0487.usoe.k12.ut.us:9092, czxid (broker epoch): 637 (kafka.zk.KafkaZkClient)
[2021-12-26 14:16:28,059] WARN Client session timed out, have not heard from server in 3599283ms for sessionid 0x1000167d842001e (org.apache.zookeeper.ClientCnxn)
[2021-12-26 14:16:28,247] INFO Client session timed out, have not heard from server in 3599283ms for sessionid 0x1000167d842001e, closing socket connection and attempting reconnect (org.apache.zookeeper.ClientCnxn)
[2021-12-26 14:16:28,255] WARN Unable to read additional data from client sessionid 0x1000167d842001e, likely client has closed socket (org.apache.zookeeper.server.NIOServerCnxn)
[2021-12-26 14:16:29,365] INFO Expiring session 0x1000167d842001e, timeout of 18000ms exceeded (org.apache.zookeeper.server.ZooKeeperServer)
[2021-12-26 15:16:28,392] INFO Opening socket connection to server localhost/127.0.0.1:2181. Will not attempt to authenticate using SASL (unknown error) (org.apache.zookeeper.ClientCnxn)
[2021-12-26 15:16:28,521] INFO Socket connection established, initiating session, client: /127.0.0.1:52192, server: localhost/127.0.0.1:2181 (org.apache.zookeeper.ClientCnxn)
[2021-12-26 15:16:28,579] INFO Invalid session 0x1000167d842001e for client /127.0.0.1:52192, probably expired (org.apache.zookeeper.server.ZooKeeperServer)
[2021-12-26 15:16:28,637] WARN Unable to reconnect to ZooKeeper service, session 0x1000167d842001e has expired (org.apache.zookeeper.ClientCnxn)
[2021-12-26 15:16:28,637] INFO [ZooKeeperClient Kafka server] Session expired. (kafka.zookeeper.ZooKeeperClient)
[2021-12-26 15:16:28,637] INFO EventThread shut down for session: 0x1000167d842001e (org.apache.zookeeper.ClientCnxn)
[2021-12-26 15:16:28,656] INFO [ZooKeeperClient Kafka server] Initializing a new session to localhost:2181. (kafka.zookeeper.ZooKeeperClient)
[2021-12-26 15:16:28,646] INFO Unable to reconnect to ZooKeeper service, session 0x1000167d842001e has expired, closing socket connection (org.apache.zookeeper.ClientCnxn)
[2021-12-26 15:16:28,671] INFO Initiating client connection, connectString=localhost:2181 sessionTimeout=18000 watcher=kafka.zookeeper.ZooKeeperClient$ZooKeeperClientWatcher$@5e0e82ae (org.apache.zookeeper.ZooKeeper)
[2021-12-26 15:16:28,687] INFO jute.maxbuffer value is 4194304 Bytes (org.apache.zookeeper.ClientCnxnSocket)
[2021-12-26 15:16:28,688] INFO zookeeper.request.timeout value is 0. feature enabled= (org.apache.zookeeper.ClientCnxn)
[2021-12-26 15:16:28,701] INFO Creating /brokers/ids/0 (is it secure? false) (kafka.zk.KafkaZkClient)
[2021-12-26 15:16:28,702] INFO Opening socket connection to server localhost/127.0.0.1:2181. Will not attempt to authenticate using SASL (unknown error) (org.apache.zookeeper.ClientCnxn)
[2021-12-26 15:16:28,703] INFO Socket connection established, initiating session, client: /127.0.0.1:55717, server: localhost/127.0.0.1:2181 (org.apache.zookeeper.ClientCnxn)
[2021-12-26 15:16:28,765] INFO Session establishment complete on server localhost/127.0.0.1:2181, sessionid = 0x1000167d842001f, negotiated timeout = 18000 (org.apache.zookeeper.ClientCnxn)
[2021-12-26 15:16:28,792] INFO Updated cache from existing FinalizedFeaturesAndEpoch(features=Features{}, epoch=0) to latest FinalizedFeaturesAndEpoch(features=Features{}, epoch=0). (kafka.server.FinalizedFeatureCache)
[2021-12-26 15:16:28,870] INFO Stat of the created znode at /brokers/ids/0 is: 642,642,1640556988792,1640556988792,1,0,0,72059139559391263,230,0,642
 (kafka.zk.KafkaZkClient)
[2021-12-26 15:16:28,886] INFO Registered broker 0 at path /brokers/ids/0 with addresses: PLAINTEXT://LPT-0487.usoe.k12.ut.us:9092, czxid (broker epoch): 642 (kafka.zk.KafkaZkClient)
[2021-12-26 15:24:57,234] WARN Client session timed out, have not heard from server in 508259ms for sessionid 0x1000167d842001f (org.apache.zookeeper.ClientCnxn)
[2021-12-26 15:24:57,283] INFO Client session timed out, have not heard from server in 508259ms for sessionid 0x1000167d842001f, closing socket connection and attempting reconnect (org.apache.zookeeper.ClientCnxn)
[2021-12-26 15:24:57,336] WARN Unable to read additional data from client sessionid 0x1000167d842001f, likely client has closed socket (org.apache.zookeeper.server.NIOServerCnxn)
[2021-12-26 17:16:28,182] INFO Opening socket connection to server localhost/127.0.0.1:2181. Will not attempt to authenticate using SASL (unknown error) (org.apache.zookeeper.ClientCnxn)
[2021-12-26 17:16:28,262] INFO Socket connection established, initiating session, client: /127.0.0.1:54763, server: localhost/127.0.0.1:2181 (org.apache.zookeeper.ClientCnxn)
[2021-12-26 17:16:28,273] INFO Session establishment complete on server localhost/127.0.0.1:2181, sessionid = 0x1000167d842001f, negotiated timeout = 18000 (org.apache.zookeeper.ClientCnxn)
[2021-12-26 18:16:28,097] WARN Client session timed out, have not heard from server in 3599804ms for sessionid 0x1000167d842001f (org.apache.zookeeper.ClientCnxn)
[2021-12-26 18:16:28,324] INFO Client session timed out, have not heard from server in 3599804ms for sessionid 0x1000167d842001f, closing socket connection and attempting reconnect (org.apache.zookeeper.ClientCnxn)
[2021-12-26 18:16:28,341] WARN Unable to read additional data from client sessionid 0x1000167d842001f, likely client has closed socket (org.apache.zookeeper.server.NIOServerCnxn)
[2021-12-26 18:16:28,596] INFO Expiring session 0x1000167d842001f, timeout of 18000ms exceeded (org.apache.zookeeper.server.ZooKeeperServer)
[2021-12-26 20:01:00,105] INFO Opening socket connection to server localhost/0:0:0:0:0:0:0:1:2181. Will not attempt to authenticate using SASL (unknown error) (org.apache.zookeeper.ClientCnxn)
[2021-12-26 20:01:00,139] INFO Socket connection established, initiating session, client: /0:0:0:0:0:0:0:1:65405, server: localhost/0:0:0:0:0:0:0:1:2181 (org.apache.zookeeper.ClientCnxn)
[2021-12-26 20:01:00,147] INFO Invalid session 0x1000167d842001f for client /0:0:0:0:0:0:0:1:65405, probably expired (org.apache.zookeeper.server.ZooKeeperServer)
[2021-12-26 20:01:00,184] WARN Unable to reconnect to ZooKeeper service, session 0x1000167d842001f has expired (org.apache.zookeeper.ClientCnxn)
[2021-12-26 20:01:00,191] INFO Unable to reconnect to ZooKeeper service, session 0x1000167d842001f has expired, closing socket connection (org.apache.zookeeper.ClientCnxn)
[2021-12-26 20:01:00,187] INFO [ZooKeeperClient Kafka server] Session expired. (kafka.zookeeper.ZooKeeperClient)
[2021-12-26 20:01:00,184] INFO EventThread shut down for session: 0x1000167d842001f (org.apache.zookeeper.ClientCnxn)
[2021-12-26 20:01:00,205] INFO [ZooKeeperClient Kafka server] Initializing a new session to localhost:2181. (kafka.zookeeper.ZooKeeperClient)
[2021-12-26 20:01:00,258] INFO Initiating client connection, connectString=localhost:2181 sessionTimeout=18000 watcher=kafka.zookeeper.ZooKeeperClient$ZooKeeperClientWatcher$@5e0e82ae (org.apache.zookeeper.ZooKeeper)
[2021-12-26 20:01:00,300] INFO jute.maxbuffer value is 4194304 Bytes (org.apache.zookeeper.ClientCnxnSocket)
[2021-12-26 20:01:00,316] INFO zookeeper.request.timeout value is 0. feature enabled= (org.apache.zookeeper.ClientCnxn)
[2021-12-26 20:01:00,338] INFO Creating /brokers/ids/0 (is it secure? false) (kafka.zk.KafkaZkClient)
[2021-12-26 20:01:00,341] INFO Opening socket connection to server localhost/0:0:0:0:0:0:0:1:2181. Will not attempt to authenticate using SASL (unknown error) (org.apache.zookeeper.ClientCnxn)
[2021-12-26 20:01:00,342] INFO Socket connection established, initiating session, client: /0:0:0:0:0:0:0:1:53426, server: localhost/0:0:0:0:0:0:0:1:2181 (org.apache.zookeeper.ClientCnxn)
[2021-12-26 20:01:00,391] INFO Session establishment complete on server localhost/0:0:0:0:0:0:0:1:2181, sessionid = 0x1000167d8420020, negotiated timeout = 18000 (org.apache.zookeeper.ClientCnxn)
[2021-12-26 20:01:00,395] INFO Updated cache from existing FinalizedFeaturesAndEpoch(features=Features{}, epoch=0) to latest FinalizedFeaturesAndEpoch(features=Features{}, epoch=0). (kafka.server.FinalizedFeatureCache)
[2021-12-26 20:01:00,396] INFO Stat of the created znode at /brokers/ids/0 is: 647,647,1640574060394,1640574060394,1,0,0,72059139559391264,230,0,647
 (kafka.zk.KafkaZkClient)
[2021-12-26 20:01:00,396] INFO Registered broker 0 at path /brokers/ids/0 with addresses: PLAINTEXT://LPT-0487.usoe.k12.ut.us:9092, czxid (broker epoch): 647 (kafka.zk.KafkaZkClient)
[2021-12-26 20:06:32,249] WARN Client session timed out, have not heard from server in 133497ms for sessionid 0x1000167d8420020 (org.apache.zookeeper.ClientCnxn)
[2021-12-26 20:06:32,274] INFO Client session timed out, have not heard from server in 133497ms for sessionid 0x1000167d8420020, closing socket connection and attempting reconnect (org.apache.zookeeper.ClientCnxn)
[2021-12-26 20:06:32,289] WARN Unable to read additional data from client sessionid 0x1000167d8420020, likely client has closed socket (org.apache.zookeeper.server.NIOServerCnxn)
[2021-12-26 20:06:34,390] INFO Opening socket connection to server localhost/127.0.0.1:2181. Will not attempt to authenticate using SASL (unknown error) (org.apache.zookeeper.ClientCnxn)
[2021-12-26 20:06:34,392] INFO Socket connection established, initiating session, client: /127.0.0.1:53436, server: localhost/127.0.0.1:2181 (org.apache.zookeeper.ClientCnxn)
[2021-12-26 20:06:34,393] INFO Session establishment complete on server localhost/127.0.0.1:2181, sessionid = 0x1000167d8420020, negotiated timeout = 18000 (org.apache.zookeeper.ClientCnxn)
[2021-12-26 20:28:39,725] WARN Session 0x1000167d8420020 for server localhost/127.0.0.1:2181, unexpected error, closing socket connection and attempting reconnect (org.apache.zookeeper.ClientCnxn)
java.io.IOException: An existing connection was forcibly closed by the remote host
	at sun.nio.ch.SocketDispatcher.read0(Native Method)
	at sun.nio.ch.SocketDispatcher.read(Unknown Source)
	at sun.nio.ch.IOUtil.readIntoNativeBuffer(Unknown Source)
	at sun.nio.ch.IOUtil.read(Unknown Source)
	at sun.nio.ch.SocketChannelImpl.read(Unknown Source)
	at org.apache.zookeeper.ClientCnxnSocketNIO.doIO(ClientCnxnSocketNIO.java:77)
	at org.apache.zookeeper.ClientCnxnSocketNIO.doTransport(ClientCnxnSocketNIO.java:365)
	at org.apache.zookeeper.ClientCnxn$SendThread.run(ClientCnxn.java:1223)
[2021-12-26 20:28:41,627] INFO Opening socket connection to server localhost/0:0:0:0:0:0:0:1:2181. Will not attempt to authenticate using SASL (unknown error) (org.apache.zookeeper.ClientCnxn)
[2021-12-26 20:28:43,685] INFO Socket error occurred: localhost/0:0:0:0:0:0:0:1:2181: Connection refused: no further information (org.apache.zookeeper.ClientCnxn)
[2021-12-26 20:28:45,216] INFO Opening socket connection to server localhost/127.0.0.1:2181. Will not attempt to authenticate using SASL (unknown error) (org.apache.zookeeper.ClientCnxn)
[2021-12-26 20:28:47,247] INFO Socket error occurred: localhost/127.0.0.1:2181: Connection refused: no further information (org.apache.zookeeper.ClientCnxn)
[2021-12-26 20:28:48,662] INFO [KafkaServer id=0] shutting down (kafka.server.KafkaServer)
[2021-12-26 20:28:48,664] INFO [KafkaServer id=0] Starting controlled shutdown (kafka.server.KafkaServer)
[2021-12-26 20:28:49,493] INFO Opening socket connection to server localhost/127.0.0.1:2181. Will not attempt to authenticate using SASL (unknown error) (org.apache.zookeeper.ClientCnxn)
[2021-12-26 20:28:51,535] INFO Socket error occurred: localhost/127.0.0.1:2181: Connection refused: no further information (org.apache.zookeeper.ClientCnxn)
[2021-12-26 20:28:51,646] INFO [ZooKeeperClient Kafka server] Waiting until connected. (kafka.zookeeper.ZooKeeperClient)
[2021-12-26 20:28:53,392] INFO Opening socket connection to server localhost/0:0:0:0:0:0:0:1:2181. Will not attempt to authenticate using SASL (unknown error) (org.apache.zookeeper.ClientCnxn)
[2021-12-26 20:28:55,446] INFO Socket error occurred: localhost/0:0:0:0:0:0:0:1:2181: Connection refused: no further information (org.apache.zookeeper.ClientCnxn)
[2021-12-26 20:28:57,534] INFO Opening socket connection to server localhost/127.0.0.1:2181. Will not attempt to authenticate using SASL (unknown error) (org.apache.zookeeper.ClientCnxn)
[2021-12-26 20:28:59,579] INFO Socket error occurred: localhost/127.0.0.1:2181: Connection refused: no further information (org.apache.zookeeper.ClientCnxn)
[2021-12-26 20:29:01,067] INFO Opening socket connection to server localhost/127.0.0.1:2181. Will not attempt to authenticate using SASL (unknown error) (org.apache.zookeeper.ClientCnxn)
[2021-12-26 20:29:03,105] INFO Socket error occurred: localhost/127.0.0.1:2181: Connection refused: no further information (org.apache.zookeeper.ClientCnxn)
[2021-12-26 20:29:04,825] INFO Opening socket connection to server localhost/0:0:0:0:0:0:0:1:2181. Will not attempt to authenticate using SASL (unknown error) (org.apache.zookeeper.ClientCnxn)
[2021-12-26 20:29:06,873] INFO Socket error occurred: localhost/0:0:0:0:0:0:0:1:2181: Connection refused: no further information (org.apache.zookeeper.ClientCnxn)
[2021-12-26 20:29:08,330] INFO Opening socket connection to server localhost/0:0:0:0:0:0:0:1:2181. Will not attempt to authenticate using SASL (unknown error) (org.apache.zookeeper.ClientCnxn)
[2021-12-26 20:29:10,370] INFO Socket error occurred: localhost/0:0:0:0:0:0:0:1:2181: Connection refused: no further information (org.apache.zookeeper.ClientCnxn)
[2021-12-26 20:29:11,630] INFO Opening socket connection to server localhost/127.0.0.1:2181. Will not attempt to authenticate using SASL (unknown error) (org.apache.zookeeper.ClientCnxn)
[2021-12-26 20:29:13,671] INFO Socket error occurred: localhost/127.0.0.1:2181: Connection refused: no further information (org.apache.zookeeper.ClientCnxn)
[2021-12-26 20:29:15,428] INFO Opening socket connection to server localhost/127.0.0.1:2181. Will not attempt to authenticate using SASL (unknown error) (org.apache.zookeeper.ClientCnxn)
[2021-12-26 20:29:17,465] INFO Socket error occurred: localhost/127.0.0.1:2181: Connection refused: no further information (org.apache.zookeeper.ClientCnxn)
[2021-12-26 20:29:22,153] INFO Opening socket connection to server localhost/127.0.0.1:2181. Will not attempt to authenticate using SASL (unknown error) (org.apache.zookeeper.ClientCnxn)
[2021-12-26 20:29:24,189] INFO Socket error occurred: localhost/127.0.0.1:2181: Connection refused: no further information (org.apache.zookeeper.ClientCnxn)
[2021-12-26 20:29:25,466] INFO Opening socket connection to server localhost/0:0:0:0:0:0:0:1:2181. Will not attempt to authenticate using SASL (unknown error) (org.apache.zookeeper.ClientCnxn)
[2021-12-26 20:29:27,498] INFO Socket error occurred: localhost/0:0:0:0:0:0:0:1:2181: Connection refused: no further information (org.apache.zookeeper.ClientCnxn)
[2021-12-26 20:29:29,217] INFO Opening socket connection to server localhost/0:0:0:0:0:0:0:1:2181. Will not attempt to authenticate using SASL (unknown error) (org.apache.zookeeper.ClientCnxn)
[2021-12-26 20:29:31,259] INFO Socket error occurred: localhost/0:0:0:0:0:0:0:1:2181: Connection refused: no further information (org.apache.zookeeper.ClientCnxn)
[2021-12-26 20:29:32,779] INFO Opening socket connection to server localhost/127.0.0.1:2181. Will not attempt to authenticate using SASL (unknown error) (org.apache.zookeeper.ClientCnxn)
[2021-12-26 20:29:34,815] INFO Socket error occurred: localhost/127.0.0.1:2181: Connection refused: no further information (org.apache.zookeeper.ClientCnxn)
[2021-12-26 20:29:36,564] INFO Opening socket connection to server localhost/127.0.0.1:2181. Will not attempt to authenticate using SASL (unknown error) (org.apache.zookeeper.ClientCnxn)
[2021-12-26 20:29:38,605] INFO Socket error occurred: localhost/127.0.0.1:2181: Connection refused: no further information (org.apache.zookeeper.ClientCnxn)
[2021-12-26 20:29:40,340] INFO Opening socket connection to server localhost/0:0:0:0:0:0:0:1:2181. Will not attempt to authenticate using SASL (unknown error) (org.apache.zookeeper.ClientCnxn)
[2021-12-26 20:29:42,384] INFO Socket error occurred: localhost/0:0:0:0:0:0:0:1:2181: Connection refused: no further information (org.apache.zookeeper.ClientCnxn)
[2021-12-26 20:29:43,606] INFO Opening socket connection to server localhost/127.0.0.1:2181. Will not attempt to authenticate using SASL (unknown error) (org.apache.zookeeper.ClientCnxn)
[2021-12-26 20:29:44,456] INFO Reading configuration from: ../../config/zookeeper.properties (org.apache.zookeeper.server.quorum.QuorumPeerConfig)
[2021-12-26 20:29:44,458] WARN ..\..\config\zookeeper.properties is relative. Prepend .\ to indicate that you're sure! (org.apache.zookeeper.server.quorum.QuorumPeerConfig)
[2021-12-26 20:29:44,460] WARN \tmp\zookeeper is relative. Prepend .\ to indicate that you're sure! (org.apache.zookeeper.server.quorum.QuorumPeerConfig)
[2021-12-26 20:29:44,469] INFO clientPortAddress is 0.0.0.0:2181 (org.apache.zookeeper.server.quorum.QuorumPeerConfig)
[2021-12-26 20:29:44,469] INFO secureClientPort is not set (org.apache.zookeeper.server.quorum.QuorumPeerConfig)
[2021-12-26 20:29:44,471] INFO autopurge.snapRetainCount set to 3 (org.apache.zookeeper.server.DatadirCleanupManager)
[2021-12-26 20:29:44,471] INFO autopurge.purgeInterval set to 0 (org.apache.zookeeper.server.DatadirCleanupManager)
[2021-12-26 20:29:44,471] INFO Purge task is not scheduled. (org.apache.zookeeper.server.DatadirCleanupManager)
[2021-12-26 20:29:44,472] WARN Either no config or no quorum defined in config, running  in standalone mode (org.apache.zookeeper.server.quorum.QuorumPeerMain)
[2021-12-26 20:29:44,476] INFO Log4j 1.2 jmx support found and enabled. (org.apache.zookeeper.jmx.ManagedUtil)
[2021-12-26 20:29:44,488] INFO Reading configuration from: ../../config/zookeeper.properties (org.apache.zookeeper.server.quorum.QuorumPeerConfig)
[2021-12-26 20:29:44,488] WARN ..\..\config\zookeeper.properties is relative. Prepend .\ to indicate that you're sure! (org.apache.zookeeper.server.quorum.QuorumPeerConfig)
[2021-12-26 20:29:44,490] WARN \tmp\zookeeper is relative. Prepend .\ to indicate that you're sure! (org.apache.zookeeper.server.quorum.QuorumPeerConfig)
[2021-12-26 20:29:44,490] INFO clientPortAddress is 0.0.0.0:2181 (org.apache.zookeeper.server.quorum.QuorumPeerConfig)
[2021-12-26 20:29:44,490] INFO secureClientPort is not set (org.apache.zookeeper.server.quorum.QuorumPeerConfig)
[2021-12-26 20:29:44,491] INFO Starting server (org.apache.zookeeper.server.ZooKeeperServerMain)
[2021-12-26 20:29:44,494] INFO zookeeper.snapshot.trust.empty : false (org.apache.zookeeper.server.persistence.FileTxnSnapLog)
[2021-12-26 20:29:45,622] INFO Socket error occurred: localhost/127.0.0.1:2181: Connection refused: no further information (org.apache.zookeeper.ClientCnxn)
[2021-12-26 20:29:47,708] INFO Opening socket connection to server localhost/0:0:0:0:0:0:0:1:2181. Will not attempt to authenticate using SASL (unknown error) (org.apache.zookeeper.ClientCnxn)
[2021-12-26 20:29:49,080] INFO Server environment:zookeeper.version=3.5.9-83df9301aa5c2a5d284a9940177808c01bc35cef, built on 01/06/2021 20:03 GMT (org.apache.zookeeper.server.ZooKeeperServer)
[2021-12-26 20:29:49,081] INFO Server environment:host.name=LPT-0487.usoe.k12.ut.us (org.apache.zookeeper.server.ZooKeeperServer)
[2021-12-26 20:29:49,081] INFO Server environment:java.version=1.8.0_241 (org.apache.zookeeper.server.ZooKeeperServer)
[2021-12-26 20:29:49,082] INFO Server environment:java.vendor=Oracle Corporation (org.apache.zookeeper.server.ZooKeeperServer)
[2021-12-26 20:29:49,082] INFO Server environment:java.home=C:\Program Files\Java\jre1.8.0_241 (org.apache.zookeeper.server.ZooKeeperServer)
[2021-12-26 20:29:49,083] INFO Server environment:java.class.path=C:\kafka\libs\activation-1.1.1.jar;C:\kafka\libs\aopalliance-repackaged-2.6.1.jar;C:\kafka\libs\argparse4j-0.7.0.jar;C:\kafka\libs\audience-annotations-0.5.0.jar;C:\kafka\libs\commons-cli-1.4.jar;C:\kafka\libs\commons-lang3-3.8.1.jar;C:\kafka\libs\connect-api-2.8.1.jar;C:\kafka\libs\connect-api-3.0.0.jar;C:\kafka\libs\connect-basic-auth-extension-2.8.1.jar;C:\kafka\libs\connect-basic-auth-extension-3.0.0.jar;C:\kafka\libs\connect-file-2.8.1.jar;C:\kafka\libs\connect-file-3.0.0.jar;C:\kafka\libs\connect-json-2.8.1.jar;C:\kafka\libs\connect-json-3.0.0.jar;C:\kafka\libs\connect-mirror-2.8.1.jar;C:\kafka\libs\connect-mirror-3.0.0.jar;C:\kafka\libs\connect-mirror-client-2.8.1.jar;C:\kafka\libs\connect-mirror-client-3.0.0.jar;C:\kafka\libs\connect-runtime-2.8.1.jar;C:\kafka\libs\connect-runtime-3.0.0.jar;C:\kafka\libs\connect-transforms-2.8.1.jar;C:\kafka\libs\connect-transforms-3.0.0.jar;C:\kafka\libs\hk2-api-2.6.1.jar;C:\kafka\libs\hk2-locator-2.6.1.jar;C:\kafka\libs\hk2-utils-2.6.1.jar;C:\kafka\libs\jackson-annotations-2.10.5.jar;C:\kafka\libs\jackson-annotations-2.12.3.jar;C:\kafka\libs\jackson-core-2.10.5.jar;C:\kafka\libs\jackson-core-2.12.3.jar;C:\kafka\libs\jackson-databind-2.10.5.1.jar;C:\kafka\libs\jackson-databind-2.12.3.jar;C:\kafka\libs\jackson-dataformat-csv-2.10.5.jar;C:\kafka\libs\jackson-dataformat-csv-2.12.3.jar;C:\kafka\libs\jackson-datatype-jdk8-2.10.5.jar;C:\kafka\libs\jackson-datatype-jdk8-2.12.3.jar;C:\kafka\libs\jackson-jaxrs-base-2.10.5.jar;C:\kafka\libs\jackson-jaxrs-base-2.12.3.jar;C:\kafka\libs\jackson-jaxrs-json-provider-2.10.5.jar;C:\kafka\libs\jackson-jaxrs-json-provider-2.12.3.jar;C:\kafka\libs\jackson-module-jaxb-annotations-2.10.5.jar;C:\kafka\libs\jackson-module-jaxb-annotations-2.12.3.jar;C:\kafka\libs\jackson-module-paranamer-2.10.5.jar;C:\kafka\libs\jackson-module-scala_2.12-2.10.5.jar;C:\kafka\libs\jackson-module-scala_2.12-2.12.3.jar;C:\kafka\libs\jakarta.activation-api-1.2.1.jar;C:\kafka\libs\jakarta.annotation-api-1.3.5.jar;C:\kafka\libs\jakarta.inject-2.6.1.jar;C:\kafka\libs\jakarta.validation-api-2.0.2.jar;C:\kafka\libs\jakarta.ws.rs-api-2.1.6.jar;C:\kafka\libs\jakarta.xml.bind-api-2.3.2.jar;C:\kafka\libs\javassist-3.27.0-GA.jar;C:\kafka\libs\javax.servlet-api-3.1.0.jar;C:\kafka\libs\javax.ws.rs-api-2.1.1.jar;C:\kafka\libs\jaxb-api-2.3.0.jar;C:\kafka\libs\jersey-client-2.34.jar;C:\kafka\libs\jersey-common-2.34.jar;C:\kafka\libs\jersey-container-servlet-2.34.jar;C:\kafka\libs\jersey-container-servlet-core-2.34.jar;C:\kafka\libs\jersey-hk2-2.34.jar;C:\kafka\libs\jersey-server-2.34.jar;C:\kafka\libs\jetty-client-9.4.43.v20210629.jar;C:\kafka\libs\jetty-continuation-9.4.43.v20210629.jar;C:\kafka\libs\jetty-http-9.4.43.v20210629.jar;C:\kafka\libs\jetty-io-9.4.43.v20210629.jar;C:\kafka\libs\jetty-security-9.4.43.v20210629.jar;C:\kafka\libs\jetty-server-9.4.43.v20210629.jar;C:\kafka\libs\jetty-servlet-9.4.43.v20210629.jar;C:\kafka\libs\jetty-servlets-9.4.43.v20210629.jar;C:\kafka\libs\jetty-util-9.4.43.v20210629.jar;C:\kafka\libs\jetty-util-ajax-9.4.43.v20210629.jar;C:\kafka\libs\jline-3.12.1.jar;C:\kafka\libs\jopt-simple-5.0.4.jar;C:\kafka\libs\kafka-clients-2.8.1.jar;C:\kafka\libs\kafka-clients-3.0.0.jar;C:\kafka\libs\kafka-log4j-appender-2.8.1.jar;C:\kafka\libs\kafka-log4j-appender-3.0.0.jar;C:\kafka\libs\kafka-metadata-2.8.1.jar;C:\kafka\libs\kafka-metadata-3.0.0.jar;C:\kafka\libs\kafka-raft-2.8.1.jar;C:\kafka\libs\kafka-raft-3.0.0.jar;C:\kafka\libs\kafka-server-common-3.0.0.jar;C:\kafka\libs\kafka-shell-2.8.1.jar;C:\kafka\libs\kafka-shell-3.0.0.jar;C:\kafka\libs\kafka-storage-3.0.0.jar;C:\kafka\libs\kafka-storage-api-3.0.0.jar;C:\kafka\libs\kafka-streams-2.8.1.jar;C:\kafka\libs\kafka-streams-3.0.0.jar;C:\kafka\libs\kafka-streams-examples-2.8.1.jar;C:\kafka\libs\kafka-streams-examples-3.0.0.jar;C:\kafka\libs\kafka-streams-scala_2.12-2.8.1.jar;C:\kafka\libs\kafka-streams-scala_2.12-3.0.0.jar;C:\kafka\libs\kafka-streams-test-utils-2.8.1.jar;C:\kafka\libs\kafka-streams-test-utils-3.0.0.jar;C:\kafka\libs\kafka-tools-2.8.1.jar;C:\kafka\libs\kafka-tools-3.0.0.jar;C:\kafka\libs\kafka_2.12-2.8.1-javadoc.jar;C:\kafka\libs\kafka_2.12-2.8.1-sources.jar;C:\kafka\libs\kafka_2.12-2.8.1-test-sources.jar;C:\kafka\libs\kafka_2.12-2.8.1-test.jar;C:\kafka\libs\kafka_2.12-2.8.1.jar;C:\kafka\libs\kafka_2.12-3.0.0.jar;C:\kafka\libs\log4j-1.2.17.jar;C:\kafka\libs\lz4-java-1.7.1.jar;C:\kafka\libs\maven-artifact-3.8.1.jar;C:\kafka\libs\metrics-core-2.2.0.jar;C:\kafka\libs\metrics-core-4.1.12.1.jar;C:\kafka\libs\netty-buffer-4.1.62.Final.jar;C:\kafka\libs\netty-codec-4.1.62.Final.jar;C:\kafka\libs\netty-common-4.1.62.Final.jar;C:\kafka\libs\netty-handler-4.1.62.Final.jar;C:\kafka\libs\netty-resolver-4.1.62.Final.jar;C:\kafka\libs\netty-transport-4.1.62.Final.jar;C:\kafka\libs\netty-transport-native-epoll-4.1.62.Final.jar;C:\kafka\libs\netty-transport-native-unix-common-4.1.62.Final.jar;C:\kafka\libs\osgi-resource-locator-1.0.3.jar;C:\kafka\libs\paranamer-2.8.jar;C:\kafka\libs\plexus-utils-3.2.1.jar;C:\kafka\libs\reflections-0.9.12.jar;C:\kafka\libs\rocksdbjni-5.18.4.jar;C:\kafka\libs\rocksdbjni-6.19.3.jar;C:\kafka\libs\scala-collection-compat_2.12-2.3.0.jar;C:\kafka\libs\scala-collection-compat_2.12-2.4.4.jar;C:\kafka\libs\scala-java8-compat_2.12-0.9.1.jar;C:\kafka\libs\scala-java8-compat_2.12-1.0.0.jar;C:\kafka\libs\scala-library-2.12.13.jar;C:\kafka\libs\scala-library-2.12.14.jar;C:\kafka\libs\scala-logging_2.12-3.9.2.jar;C:\kafka\libs\scala-logging_2.12-3.9.3.jar;C:\kafka\libs\scala-reflect-2.12.13.jar;C:\kafka\libs\scala-reflect-2.12.14.jar;C:\kafka\libs\slf4j-api-1.7.30.jar;C:\kafka\libs\slf4j-log4j12-1.7.30.jar;C:\kafka\libs\snappy-java-1.1.8.1.jar;C:\kafka\libs\trogdor-3.0.0.jar;C:\kafka\libs\zookeeper-3.5.9.jar;C:\kafka\libs\zookeeper-3.6.3.jar;C:\kafka\libs\zookeeper-jute-3.5.9.jar;C:\kafka\libs\zookeeper-jute-3.6.3.jar;C:\kafka\libs\zstd-jni-1.4.9-1.jar;C:\kafka\libs\zstd-jni-1.5.0-2.jar; (org.apache.zookeeper.server.ZooKeeperServer)
[2021-12-26 20:29:49,087] INFO Server environment:java.library.path=C:\Program Files (x86)\Common Files\Oracle\Java\javapath;C:\WINDOWS\Sun\Java\bin;C:\WINDOWS\system32;C:\WINDOWS;C:\Program Files (x86)\Microsoft SDKs\Azure\CLI2\wbin;C:\Python27\;C:\Python27\Scripts;C:\Program Files (x86)\Common Files\Oracle\Java\javapath;C:\WINDOWS\system32;C:\WINDOWS;C:\WINDOWS\System32\Wbem;C:\WINDOWS\System32\WindowsPowerShell\v1.0\;C:\WINDOWS\System32\OpenSSH\;C:\Program Files\Microsoft SQL Server\Client SDK\ODBC\170\Tools\Binn\;C:\Users\navneet.kaul\gzip-1.3.12-1-bin\bin;C:\apache-maven-3.6.3\bin;C:\Program Files\nodejs\;C:\ProgramData\chocolatey\bin;C:\Program Files\TortoiseGit\bin;C:\Program Files\Git\cmd;C:\Program Files\dotnet\;C:\Program Files (x86)\dotnet\;C:\Program Files\Microsoft\Web Platform Installer\;C:\Program Files (x86)\Microsoft SQL Server\150\DTS\Binn\;C:\Program Files\Azure Data Studio\bin;C:\Program Files\Microsoft SQL Server\130\Tools\Binn\;C:\Program Files (x86)\Microsoft SQL Server\150\Tools\Binn\;C:\Program Files\Microsoft SQL Server\150\Tools\Binn\;C:\Program Files\Microsoft SQL Server\150\DTS\Binn\;C:\Program Files\Microsoft SQL Server Migration Assistant for MySQL\bin\;C:\gzip-1.3.12-1-bin\bin;C:\Program Files (x86)\Sennheiser\SenncomSDK\;C:\Users\navneet.kaul\AppData\Local\AzureFunctionsTools\Releases\3.32.0\cli_x64\;C:\Program Files\MySQL\MySQL Shell 8.0\bin\;C:\Users\navneet.kaul\AppData\Local\Microsoft\WindowsApps;C:\Users\navneet.kaul\.dotnet\tools;C:\Users\navneet.kaul\AppData\Roaming\npm;C:\Users\navneet.kaul\.dotnet\tools;C:\Users\navneet.kaul\AppData\Local\Microsoft\WindowsApps;C:\Program Files\JetBrains\IntelliJ IDEA Community Edition 2021.2\bin;. (org.apache.zookeeper.server.ZooKeeperServer)
[2021-12-26 20:29:49,088] INFO Server environment:java.io.tmpdir=C:\Users\navneet.kaul\AppData\Local\Temp\ (org.apache.zookeeper.server.ZooKeeperServer)
[2021-12-26 20:29:49,089] INFO Server environment:java.compiler=<NA> (org.apache.zookeeper.server.ZooKeeperServer)
[2021-12-26 20:29:49,090] INFO Server environment:os.name=Windows 10 (org.apache.zookeeper.server.ZooKeeperServer)
[2021-12-26 20:29:49,091] INFO Server environment:os.arch=amd64 (org.apache.zookeeper.server.ZooKeeperServer)
[2021-12-26 20:29:49,091] INFO Server environment:os.version=10.0 (org.apache.zookeeper.server.ZooKeeperServer)
[2021-12-26 20:29:49,092] INFO Server environment:user.name=Navneet.Kaul (org.apache.zookeeper.server.ZooKeeperServer)
[2021-12-26 20:29:49,093] INFO Server environment:user.home=C:\Users\navneet.kaul (org.apache.zookeeper.server.ZooKeeperServer)
[2021-12-26 20:29:49,094] INFO Server environment:user.dir=C:\kafka\bin\windows (org.apache.zookeeper.server.ZooKeeperServer)
[2021-12-26 20:29:49,094] INFO Server environment:os.memory.free=493MB (org.apache.zookeeper.server.ZooKeeperServer)
[2021-12-26 20:29:49,096] INFO Server environment:os.memory.max=512MB (org.apache.zookeeper.server.ZooKeeperServer)
[2021-12-26 20:29:49,099] INFO Server environment:os.memory.total=512MB (org.apache.zookeeper.server.ZooKeeperServer)
[2021-12-26 20:29:49,100] INFO minSessionTimeout set to 6000 (org.apache.zookeeper.server.ZooKeeperServer)
[2021-12-26 20:29:49,101] INFO maxSessionTimeout set to 60000 (org.apache.zookeeper.server.ZooKeeperServer)
[2021-12-26 20:29:49,101] INFO Created server with tickTime 3000 minSessionTimeout 6000 maxSessionTimeout 60000 datadir \tmp\zookeeper\version-2 snapdir \tmp\zookeeper\version-2 (org.apache.zookeeper.server.ZooKeeperServer)
[2021-12-26 20:29:49,123] INFO Using org.apache.zookeeper.server.NIOServerCnxnFactory as server connection factory (org.apache.zookeeper.server.ServerCnxnFactory)
[2021-12-26 20:29:49,128] INFO Configuring NIO connection handler with 10s sessionless connection timeout, 2 selector thread(s), 16 worker threads, and 64 kB direct buffers. (org.apache.zookeeper.server.NIOServerCnxnFactory)
[2021-12-26 20:29:49,132] INFO binding to port 0.0.0.0/0.0.0.0:2181 (org.apache.zookeeper.server.NIOServerCnxnFactory)
[2021-12-26 20:29:49,145] INFO zookeeper.snapshotSizeFactor = 0.33 (org.apache.zookeeper.server.ZKDatabase)
[2021-12-26 20:29:49,151] INFO Reading snapshot \tmp\zookeeper\version-2\snapshot.1d5 (org.apache.zookeeper.server.persistence.FileSnap)
[2021-12-26 20:29:49,192] INFO Snapshotting: 0x289 to \tmp\zookeeper\version-2\snapshot.289 (org.apache.zookeeper.server.persistence.FileTxnSnapLog)
[2021-12-26 20:29:49,209] INFO PrepRequestProcessor (sid:0) started, reconfigEnabled=false (org.apache.zookeeper.server.PrepRequestProcessor)
[2021-12-26 20:29:49,226] INFO Using checkIntervalMs=60000 maxPerMinute=10000 (org.apache.zookeeper.server.ContainerManager)
[2021-12-26 20:29:49,235] INFO Socket connection established, initiating session, client: /0:0:0:0:0:0:0:1:61513, server: localhost/0:0:0:0:0:0:0:1:2181 (org.apache.zookeeper.ClientCnxn)
[2021-12-26 20:29:49,247] INFO Session establishment complete on server localhost/0:0:0:0:0:0:0:1:2181, sessionid = 0x1000167d8420020, negotiated timeout = 18000 (org.apache.zookeeper.ClientCnxn)
[2021-12-26 20:29:49,247] INFO [ZooKeeperClient Kafka server] Connected. (kafka.zookeeper.ZooKeeperClient)
[2021-12-26 20:29:49,265] INFO [KafkaServer id=0] Controlled shutdown succeeded (kafka.server.KafkaServer)
[2021-12-26 20:29:49,268] INFO [/config/changes-event-process-thread]: Shutting down (kafka.common.ZkNodeChangeNotificationListener$ChangeEventProcessThread)
[2021-12-26 20:29:49,268] INFO [/config/changes-event-process-thread]: Stopped (kafka.common.ZkNodeChangeNotificationListener$ChangeEventProcessThread)
[2021-12-26 20:29:49,269] INFO [/config/changes-event-process-thread]: Shutdown completed (kafka.common.ZkNodeChangeNotificationListener$ChangeEventProcessThread)
[2021-12-26 20:29:49,269] INFO [SocketServer listenerType=ZK_BROKER, nodeId=0] Stopping socket server request processors (kafka.network.SocketServer)
[2021-12-26 20:29:49,274] INFO [SocketServer listenerType=ZK_BROKER, nodeId=0] Stopped socket server request processors (kafka.network.SocketServer)
[2021-12-26 20:29:49,275] INFO [data-plane Kafka Request Handler on Broker 0], shutting down (kafka.server.KafkaRequestHandlerPool)
[2021-12-26 20:29:49,276] INFO [data-plane Kafka Request Handler on Broker 0], shut down completely (kafka.server.KafkaRequestHandlerPool)
[2021-12-26 20:29:49,278] INFO [ExpirationReaper-0-AlterAcls]: Shutting down (kafka.server.DelayedOperationPurgatory$ExpiredOperationReaper)
[2021-12-26 20:29:49,453] INFO [ExpirationReaper-0-AlterAcls]: Stopped (kafka.server.DelayedOperationPurgatory$ExpiredOperationReaper)
[2021-12-26 20:29:49,453] INFO [ExpirationReaper-0-AlterAcls]: Shutdown completed (kafka.server.DelayedOperationPurgatory$ExpiredOperationReaper)
[2021-12-26 20:29:49,460] INFO [KafkaApi-0] Shutdown complete. (kafka.server.KafkaApis)
[2021-12-26 20:29:49,463] INFO [ExpirationReaper-0-topic]: Shutting down (kafka.server.DelayedOperationPurgatory$ExpiredOperationReaper)
[2021-12-26 20:29:49,655] INFO [ExpirationReaper-0-topic]: Stopped (kafka.server.DelayedOperationPurgatory$ExpiredOperationReaper)
[2021-12-26 20:29:49,655] INFO [ExpirationReaper-0-topic]: Shutdown completed (kafka.server.DelayedOperationPurgatory$ExpiredOperationReaper)
[2021-12-26 20:29:49,661] INFO [TransactionCoordinator id=0] Shutting down. (kafka.coordinator.transaction.TransactionCoordinator)
[2021-12-26 20:29:49,663] INFO [ProducerId Manager 0]: Shutdown complete: last producerId assigned 2000 (kafka.coordinator.transaction.ProducerIdManager)
[2021-12-26 20:29:49,665] INFO [Transaction State Manager 0]: Shutdown complete (kafka.coordinator.transaction.TransactionStateManager)
[2021-12-26 20:29:49,665] INFO [Transaction Marker Channel Manager 0]: Shutting down (kafka.coordinator.transaction.TransactionMarkerChannelManager)
[2021-12-26 20:29:49,666] INFO [Transaction Marker Channel Manager 0]: Stopped (kafka.coordinator.transaction.TransactionMarkerChannelManager)
[2021-12-26 20:29:49,666] INFO [Transaction Marker Channel Manager 0]: Shutdown completed (kafka.coordinator.transaction.TransactionMarkerChannelManager)
[2021-12-26 20:29:49,668] INFO [TransactionCoordinator id=0] Shutdown complete. (kafka.coordinator.transaction.TransactionCoordinator)
[2021-12-26 20:29:49,669] INFO [GroupCoordinator 0]: Shutting down. (kafka.coordinator.group.GroupCoordinator)
[2021-12-26 20:29:49,670] INFO [ExpirationReaper-0-Heartbeat]: Shutting down (kafka.server.DelayedOperationPurgatory$ExpiredOperationReaper)
[2021-12-26 20:29:49,796] INFO [ExpirationReaper-0-Heartbeat]: Shutdown completed (kafka.server.DelayedOperationPurgatory$ExpiredOperationReaper)
[2021-12-26 20:29:49,796] INFO [ExpirationReaper-0-Heartbeat]: Stopped (kafka.server.DelayedOperationPurgatory$ExpiredOperationReaper)
[2021-12-26 20:29:49,797] INFO [ExpirationReaper-0-Rebalance]: Shutting down (kafka.server.DelayedOperationPurgatory$ExpiredOperationReaper)
[2021-12-26 20:29:49,906] INFO [ExpirationReaper-0-Rebalance]: Stopped (kafka.server.DelayedOperationPurgatory$ExpiredOperationReaper)
[2021-12-26 20:29:49,906] INFO [ExpirationReaper-0-Rebalance]: Shutdown completed (kafka.server.DelayedOperationPurgatory$ExpiredOperationReaper)
[2021-12-26 20:29:49,909] INFO [GroupCoordinator 0]: Shutdown complete. (kafka.coordinator.group.GroupCoordinator)
[2021-12-26 20:29:49,910] INFO [ReplicaManager broker=0] Shutting down (kafka.server.ReplicaManager)
[2021-12-26 20:29:49,910] INFO [LogDirFailureHandler]: Shutting down (kafka.server.ReplicaManager$LogDirFailureHandler)
[2021-12-26 20:29:49,911] INFO [LogDirFailureHandler]: Stopped (kafka.server.ReplicaManager$LogDirFailureHandler)
[2021-12-26 20:29:49,911] INFO [LogDirFailureHandler]: Shutdown completed (kafka.server.ReplicaManager$LogDirFailureHandler)
[2021-12-26 20:29:49,912] INFO [ReplicaFetcherManager on broker 0] shutting down (kafka.server.ReplicaFetcherManager)
[2021-12-26 20:29:49,913] INFO [ReplicaFetcherManager on broker 0] shutdown completed (kafka.server.ReplicaFetcherManager)
[2021-12-26 20:29:49,914] INFO [ReplicaAlterLogDirsManager on broker 0] shutting down (kafka.server.ReplicaAlterLogDirsManager)
[2021-12-26 20:29:49,914] INFO [ReplicaAlterLogDirsManager on broker 0] shutdown completed (kafka.server.ReplicaAlterLogDirsManager)
[2021-12-26 20:29:49,914] INFO [ExpirationReaper-0-Fetch]: Shutting down (kafka.server.DelayedOperationPurgatory$ExpiredOperationReaper)
[2021-12-26 20:29:50,061] INFO [ExpirationReaper-0-Fetch]: Stopped (kafka.server.DelayedOperationPurgatory$ExpiredOperationReaper)
[2021-12-26 20:29:50,061] INFO [ExpirationReaper-0-Fetch]: Shutdown completed (kafka.server.DelayedOperationPurgatory$ExpiredOperationReaper)
[2021-12-26 20:29:50,064] INFO [ExpirationReaper-0-Produce]: Shutting down (kafka.server.DelayedOperationPurgatory$ExpiredOperationReaper)
[2021-12-26 20:29:50,265] INFO [ExpirationReaper-0-Produce]: Shutdown completed (kafka.server.DelayedOperationPurgatory$ExpiredOperationReaper)
[2021-12-26 20:29:50,265] INFO [ExpirationReaper-0-Produce]: Stopped (kafka.server.DelayedOperationPurgatory$ExpiredOperationReaper)
[2021-12-26 20:29:50,266] INFO [ExpirationReaper-0-DeleteRecords]: Shutting down (kafka.server.DelayedOperationPurgatory$ExpiredOperationReaper)
[2021-12-26 20:29:50,469] INFO [ExpirationReaper-0-DeleteRecords]: Shutdown completed (kafka.server.DelayedOperationPurgatory$ExpiredOperationReaper)
[2021-12-26 20:29:50,469] INFO [ExpirationReaper-0-DeleteRecords]: Stopped (kafka.server.DelayedOperationPurgatory$ExpiredOperationReaper)
[2021-12-26 20:29:50,469] INFO [ExpirationReaper-0-ElectLeader]: Shutting down (kafka.server.DelayedOperationPurgatory$ExpiredOperationReaper)
[2021-12-26 20:29:50,607] INFO [ExpirationReaper-0-ElectLeader]: Stopped (kafka.server.DelayedOperationPurgatory$ExpiredOperationReaper)
[2021-12-26 20:29:50,607] INFO [ExpirationReaper-0-ElectLeader]: Shutdown completed (kafka.server.DelayedOperationPurgatory$ExpiredOperationReaper)
[2021-12-26 20:29:50,616] INFO [ReplicaManager broker=0] Shut down completely (kafka.server.ReplicaManager)
[2021-12-26 20:29:50,617] INFO [broker-0-to-controller-send-thread]: Shutting down (kafka.server.BrokerToControllerRequestThread)
[2021-12-26 20:29:50,618] INFO [broker-0-to-controller-send-thread]: Stopped (kafka.server.BrokerToControllerRequestThread)
[2021-12-26 20:29:50,618] INFO [broker-0-to-controller-send-thread]: Shutdown completed (kafka.server.BrokerToControllerRequestThread)
[2021-12-26 20:29:50,620] INFO Broker to controller channel manager for alterIsrChannel shutdown (kafka.server.BrokerToControllerChannelManagerImpl)
[2021-12-26 20:29:50,622] INFO Shutting down. (kafka.log.LogManager)
[2021-12-26 20:29:50,652] INFO [ProducerStateManager partition=__consumer_offsets-21] Writing producer snapshot at offset 3 (kafka.log.ProducerStateManager)
[2021-12-26 20:29:50,667] INFO [ProducerStateManager partition=__consumer_offsets-37] Writing producer snapshot at offset 3 (kafka.log.ProducerStateManager)
[2021-12-26 20:29:50,705] INFO [ProducerStateManager partition=__consumer_offsets-18] Writing producer snapshot at offset 68 (kafka.log.ProducerStateManager)
[2021-12-26 20:29:50,746] INFO Shutdown complete. (kafka.log.LogManager)
[2021-12-26 20:29:50,750] INFO [feature-zk-node-event-process-thread]: Shutting down (kafka.server.FinalizedFeatureChangeListener$ChangeNotificationProcessorThread)
[2021-12-26 20:29:50,750] INFO [feature-zk-node-event-process-thread]: Shutdown completed (kafka.server.FinalizedFeatureChangeListener$ChangeNotificationProcessorThread)
[2021-12-26 20:29:50,750] INFO [feature-zk-node-event-process-thread]: Stopped (kafka.server.FinalizedFeatureChangeListener$ChangeNotificationProcessorThread)
[2021-12-26 20:29:50,752] INFO [ZooKeeperClient Kafka server] Closing. (kafka.zookeeper.ZooKeeperClient)
[2021-12-26 20:29:50,754] INFO Creating new log file: log.28a (org.apache.zookeeper.server.persistence.FileTxnLog)
[2021-12-26 20:29:50,870] INFO Session: 0x1000167d8420020 closed (org.apache.zookeeper.ZooKeeper)
[2021-12-26 20:29:50,870] INFO EventThread shut down for session: 0x1000167d8420020 (org.apache.zookeeper.ClientCnxn)
[2021-12-26 20:29:50,872] INFO [ZooKeeperClient Kafka server] Closed. (kafka.zookeeper.ZooKeeperClient)
[2021-12-26 20:29:50,872] INFO [ThrottledChannelReaper-Fetch]: Shutting down (kafka.server.ClientQuotaManager$ThrottledChannelReaper)
[2021-12-26 20:29:51,466] INFO [ThrottledChannelReaper-Fetch]: Stopped (kafka.server.ClientQuotaManager$ThrottledChannelReaper)
[2021-12-26 20:29:51,466] INFO [ThrottledChannelReaper-Fetch]: Shutdown completed (kafka.server.ClientQuotaManager$ThrottledChannelReaper)
[2021-12-26 20:29:51,469] INFO [ThrottledChannelReaper-Produce]: Shutting down (kafka.server.ClientQuotaManager$ThrottledChannelReaper)
[2021-12-26 20:29:51,653] INFO [ThrottledChannelReaper-Produce]: Stopped (kafka.server.ClientQuotaManager$ThrottledChannelReaper)
[2021-12-26 20:29:51,653] INFO [ThrottledChannelReaper-Produce]: Shutdown completed (kafka.server.ClientQuotaManager$ThrottledChannelReaper)
[2021-12-26 20:29:51,658] INFO [ThrottledChannelReaper-Request]: Shutting down (kafka.server.ClientQuotaManager$ThrottledChannelReaper)
[2021-12-26 20:29:52,604] INFO [ThrottledChannelReaper-Request]: Stopped (kafka.server.ClientQuotaManager$ThrottledChannelReaper)
[2021-12-26 20:29:52,604] INFO [ThrottledChannelReaper-Request]: Shutdown completed (kafka.server.ClientQuotaManager$ThrottledChannelReaper)
[2021-12-26 20:29:52,608] INFO [ThrottledChannelReaper-ControllerMutation]: Shutting down (kafka.server.ClientQuotaManager$ThrottledChannelReaper)
[2021-12-26 20:29:52,667] INFO [ThrottledChannelReaper-ControllerMutation]: Stopped (kafka.server.ClientQuotaManager$ThrottledChannelReaper)
[2021-12-26 20:29:52,667] INFO [ThrottledChannelReaper-ControllerMutation]: Shutdown completed (kafka.server.ClientQuotaManager$ThrottledChannelReaper)
[2021-12-26 20:29:52,675] INFO [SocketServer listenerType=ZK_BROKER, nodeId=0] Shutting down socket server (kafka.network.SocketServer)
[2021-12-26 20:29:52,715] INFO [SocketServer listenerType=ZK_BROKER, nodeId=0] Shutdown completed (kafka.network.SocketServer)
[2021-12-26 20:29:52,716] INFO Metrics scheduler closed (org.apache.kafka.common.metrics.Metrics)
[2021-12-26 20:29:52,717] INFO Closing reporter org.apache.kafka.common.metrics.JmxReporter (org.apache.kafka.common.metrics.Metrics)
[2021-12-26 20:29:52,717] INFO Metrics reporters closed (org.apache.kafka.common.metrics.Metrics)
[2021-12-26 20:29:52,718] INFO Broker and topic stats closed (kafka.server.BrokerTopicStats)
[2021-12-26 20:29:52,719] INFO App info kafka.server for 0 unregistered (org.apache.kafka.common.utils.AppInfoParser)
[2021-12-26 20:29:52,721] INFO [KafkaServer id=0] shut down completed (kafka.server.KafkaServer)
